
/home/runner/work/exp-optimization-newtons-method-iitb/exp-optimization-newtons-method-iitb/experiment/simulation/common_libraries/js/ts_components/collapse_step.js
   1:10  warning  'show_step' is defined but never used                 no-unused-vars
   2:5   warning  '$' is not defined                                    no-undef
   3:9   warning  '$' is not defined                                    no-undef
   6:10  warning  'hide_step' is defined but never used                 no-unused-vars
   7:5   warning  '$' is not defined                                    no-undef
   8:9   warning  '$' is not defined                                    no-undef
  11:10  warning  'get_collapse_btn_text' is defined but never used     no-unused-vars
  20:10  warning  'get_collapse_btn_element' is defined but never used  no-unused-vars
  29:10  warning  'hide_all_steps' is defined but never used            no-unused-vars
  31:9   warning  '$' is not defined                                    no-undef

/home/runner/work/exp-optimization-newtons-method-iitb/exp-optimization-newtons-method-iitb/experiment/simulation/common_libraries/js/ts_components/matrix.js
   27:26  warning  'MathJax' is not defined                                no-undef
   32:7   warning  'Matrix_Without_String' is defined but never used       no-unused-vars
   52:26  warning  'MathJax' is not defined                                no-undef
   56:10  warning  'get_matrix_html' is defined but never used             no-unused-vars
   87:13  warning  'row_html' is assigned a value but never used           no-unused-vars
   99:10  warning  'get_matrix_html_with_title' is defined but never used  no-unused-vars
  131:13  warning  'row_html' is assigned a value but never used           no-unused-vars
  143:10  warning  'convert_2d_to_1d_vector' is defined but never used     no-unused-vars
  156:10  warning  'convert_1d_to_2d_matrix' is defined but never used     no-unused-vars

/home/runner/work/exp-optimization-newtons-method-iitb/exp-optimization-newtons-method-iitb/experiment/simulation/common_libraries/js/ts_components/matrix_2d.js
    2:10  warning  'toLatexBMatrix' is defined but never used              no-unused-vars
   29:10  warning  'toLatexDeterminant' is defined but never used          no-unused-vars
   61:10  warning  'renderMatrixInputs' is defined but never used          no-unused-vars
  111:10  warning  'readMatrix2D' is defined but never used                no-unused-vars
  130:10  warning  'verifyMatrix2D' is defined but never used              no-unused-vars
  141:18  warning  'verify_values' is not defined                          no-undef
  148:10  warning  'transposeMatrix' is defined but never used             no-unused-vars
  165:10  warning  'multiplyMatrices' is defined but never used            no-unused-vars
  200:10  warning  'inverseMatrix' is defined but never used               no-unused-vars
  255:10  warning  'determinant' is defined but never used                 no-unused-vars
  305:10  warning  'convertMatrixInputsToSpans' is defined but never used  no-unused-vars

/home/runner/work/exp-optimization-newtons-method-iitb/exp-optimization-newtons-method-iitb/experiment/simulation/common_libraries/js/ts_components/pannel.js
  8:7  warning  'Pannel' is defined but never used  no-unused-vars

/home/runner/work/exp-optimization-newtons-method-iitb/exp-optimization-newtons-method-iitb/experiment/simulation/common_libraries/js/ts_components/questions.js
   6:17  warning  'op1' is assigned a value but never used      no-unused-vars
   7:17  warning  'op2' is assigned a value but never used      no-unused-vars
   8:17  warning  'op3' is assigned a value but never used      no-unused-vars
   9:17  warning  'op4' is assigned a value but never used      no-unused-vars
  94:7   warning  'Question_Options' is defined but never used  no-unused-vars

/home/runner/work/exp-optimization-newtons-method-iitb/exp-optimization-newtons-method-iitb/experiment/simulation/common_libraries/js/ts_components/tables.js
   19:22  warning  'verify_values' is not defined                                     no-undef
  137:22  warning  'verify_values' is not defined                                     no-undef
  260:7   warning  'Verify_Rows_Cols_6_decimal_places' is defined but never used      no-unused-vars
  311:22  warning  'verify_values' is not defined                                     no-undef
  416:7   warning  'Verify_Rows_Cols_Custom_Fixed_Update1' is defined but never used  no-unused-vars
  468:7   warning  'Show_Table_Custom_Fixed' is defined but never used                no-unused-vars
  506:7   warning  'Verify_Rows_Cols_Strings' is defined but never used               no-unused-vars
  527:22  warning  'verify_values' is not defined                                     no-undef
  663:7   warning  'Display_Table' is defined but never used                          no-unused-vars

/home/runner/work/exp-optimization-newtons-method-iitb/exp-optimization-newtons-method-iitb/experiment/simulation/common_libraries/js/ts_math_library/general_math_functions.js
    1:10  warning  'verify_values' is defined but never used                   no-unused-vars
   17:10  warning  'random1' is defined but never used                         no-unused-vars
   21:10  warning  'std_deviation' is defined but never used                   no-unused-vars
   26:10  warning  'gauss' is defined but never used                           no-unused-vars
   56:10  warning  'hide_panel' is defined but never used                      no-unused-vars
   63:10  warning  'inverse_matrix' is defined but never used                  no-unused-vars
   96:10  warning  'matrix_multiplication' is defined but never used           no-unused-vars
  113:10  warning  'transpose_matrix' is defined but never used                no-unused-vars
  123:10  warning  'matrix_multiplication_8decimal' is defined but never used  no-unused-vars
  140:10  warning  'adjoint_2x2_matrix' is defined but never used              no-unused-vars
  145:10  warning  'find_deteminant' is defined but never used                 no-unused-vars
  174:10  warning  'get_Submatrix' is defined but never used                   no-unused-vars

/home/runner/work/exp-optimization-newtons-method-iitb/exp-optimization-newtons-method-iitb/experiment/simulation/common_libraries/js/ts_math_library/regression.js
   1:10  warning  'regression_linear' is defined but never used            no-unused-vars
  18:10  warning  'regression_linear_1variable' is defined but never used  no-unused-vars
  27:10  warning  'regression_linear_2variable' is defined but never used  no-unused-vars
  52:11  warning  'gauss' is not defined                                   no-undef

/home/runner/work/exp-optimization-newtons-method-iitb/exp-optimization-newtons-method-iitb/experiment/simulation/common_libraries/math.ob.js
  1:745  warning  'b' is already defined  no-redeclare

/home/runner/work/exp-optimization-newtons-method-iitb/exp-optimization-newtons-method-iitb/experiment/simulation/js/activity1.js
   17:10  warning  'start_act1' is defined but never used            no-unused-vars
   21:20  warning  'get_collapse_btn_text' is not defined            no-undef
   30:16  warning  'a' is not defined                                no-undef
   30:26  warning  'b' is not defined                                no-undef
   38:22  warning  'MathJax' is not defined                          no-undef
   39:5   warning  'hide_all_steps' is not defined                   no-undef
   41:9   warning  'show_step' is not defined                        no-undef
   45:5   warning  'a' is not defined                                no-undef
   46:5   warning  'b' is not defined                                no-undef
   47:5   warning  'x1' is not defined                               no-undef
   48:5   warning  'a' is not defined                                no-undef
   48:9   warning  'random1' is not defined                          no-undef
   49:5   warning  'b' is not defined                                no-undef
   49:9   warning  'random1' is not defined                          no-undef
   50:24  warning  'a' is not defined                                no-undef
   51:24  warning  'b' is not defined                                no-undef
   53:10  warning  'calculations_itr1' is defined but never used     no-unused-vars
   55:9   warning  'div' is assigned a value but never used          no-unused-vars
   58:5   warning  'act1_table_data1' is not defined                 no-undef
   59:5   warning  'itr1' is not defined                             no-undef
   60:5   warning  'itr2' is not defined                             no-undef
   61:5   warning  'act1_table_data1' is not defined                 no-undef
   61:24  warning  'newton' is not defined                           no-undef
   61:31  warning  'x1' is not defined                               no-undef
   61:35  warning  'a' is not defined                                no-undef
   62:5   warning  'itr1' is not defined                             no-undef
   62:12  warning  'act1_table_data1' is not defined                 no-undef
   63:5   warning  'itr2' is not defined                             no-undef
   63:12  warning  'act1_table_data1' is not defined                 no-undef
   64:5   warning  'xmin' is not defined                             no-undef
   64:12  warning  'act1_table_data1' is not defined                 no-undef
   65:26  warning  'itr1' is not defined                             no-undef
   66:26  warning  'itr2' is not defined                             no-undef
   67:26  warning  'xmin' is not defined                             no-undef
   69:46  warning  'x1' is not defined                               no-undef
  111:24  warning  'itr1' is not defined                             no-undef
  158:22  warning  'MathJax' is not defined                          no-undef
  160:10  warning  'act1_verify_itr1_fdx' is defined but never used  no-unused-vars
  162:10  warning  'verify_values' is not defined                    no-undef
  162:81  warning  'itr1' is not defined                             no-undef
  176:10  warning  'act1_verify_itr2_fdx' is defined but never used  no-unused-vars
  178:10  warning  'verify_values' is not defined                    no-undef
  178:81  warning  'itr2' is not defined                             no-undef
  190:17  warning  'act1_table_data1' is not defined                 no-undef
  191:5   warning  'act1_table_data_graph' is not defined            no-undef
  191:29  warning  'graph_table' is not defined                      no-undef
  191:41  warning  'x' is not defined                                no-undef
  191:44  warning  'a' is not defined                                no-undef
  191:47  warning  'b' is not defined                                no-undef
  192:17  warning  'act1_table_data_graph' is not defined            no-undef
  201:17  warning  'Show_Table_Custom_Fixed' is not defined          no-undef
  201:49  warning  'act1_table_data1' is not defined                 no-undef
  203:5   warning  'fxmin' is not defined                            no-undef
  203:22  warning  'xmin' is not defined                             no-undef
  203:28  warning  'a' is not defined                                no-undef
  203:34  warning  'a' is not defined                                no-undef
  203:38  warning  'xmin' is not defined                             no-undef
  203:46  warning  'b' is not defined                                no-undef
  204:27  warning  'fxmin' is not defined                            no-undef
  206:10  warning  'display_chart' is defined but never used         no-unused-vars
  220:13  warning  'act1_table_data_graph' is not defined            no-undef
  221:13  warning  'act1_table_data_graph' is not defined            no-undef
  222:21  warning  'Chart' is not defined                            no-undef
  266:10  warning  'load_questions' is defined but never used        no-unused-vars
  272:10  warning  'verify_fxmin' is defined but never used          no-unused-vars
  274:10  warning  'verify_values' is not defined                    no-undef
  274:58  warning  'fxmin' is not defined                            no-undef
  288:10  warning  'exp_complete' is defined but never used          no-unused-vars

/home/runner/work/exp-optimization-newtons-method-iitb/exp-optimization-newtons-method-iitb/experiment/simulation/js/data.js
   4:5  warning  'alpha' is assigned a value but never used             no-unused-vars
   5:5  warning  'x' is assigned a value but never used                 no-unused-vars
   6:5  warning  'itr1_fdx' is assigned a value but never used          no-unused-vars
   7:5  warning  'itr1_x' is assigned a value but never used            no-unused-vars
   8:5  warning  'itr2_fdx' is assigned a value but never used          no-unused-vars
   9:5  warning  'itr2_x' is assigned a value but never used            no-unused-vars
  11:5  warning  'minfxValue' is defined but never used                 no-unused-vars
  12:5  warning  'a' is assigned a value but never used                 no-unused-vars
  13:5  warning  'b' is assigned a value but never used                 no-unused-vars
  14:5  warning  'x1' is assigned a value but never used                no-unused-vars
  15:5  warning  'itr1' is defined but never used                       no-unused-vars
  16:5  warning  'itr2' is defined but never used                       no-unused-vars
  17:5  warning  'root_val_3' is defined but never used                 no-unused-vars
  18:5  warning  'func_val_3' is defined but never used                 no-unused-vars
  19:5  warning  'act1_table_data1' is assigned a value but never used  no-unused-vars
  31:5  warning  'act1_table_data_graph' is defined but never used      no-unused-vars
  32:5  warning  'xmin' is defined but never used                       no-unused-vars
  33:5  warning  'fxmin' is defined but never used                      no-unused-vars
  34:5  warning  'itrval' is defined but never used                     no-unused-vars

/home/runner/work/exp-optimization-newtons-method-iitb/exp-optimization-newtons-method-iitb/experiment/simulation/js/newton.js
   1:10  warning  'calculate_fx_x' is defined but never used  no-unused-vars
   2:5   warning  'itr1_fdx' is not defined                   no-undef
   4:17  warning  'alpha' is not defined                      no-undef
   4:24  warning  'itr1_fdx' is not defined                   no-undef
   5:12  warning  'itr1_fdx' is not defined                   no-undef
   8:5   warning  'itr1_x' is not defined                     no-undef
   8:14  warning  'x' is not defined                          no-undef
  10:12  warning  'itr1_x' is not defined                     no-undef
  26:10  warning  'graph_table' is defined but never used     no-unused-vars
  60:10  warning  'newton' is defined but never used          no-unused-vars
  73:10  warning  'newton_raphson' is defined but never used  no-unused-vars
  77:47  warning  'b' is not defined                          no-undef

✖ 161 problems (0 errors, 161 warnings)

